2011-07-31 22:33:32 Warning: Warning (2): include_once(/Library/WebServer/Sites/app.datastore/app/config/database.php): failed to open stream: No such file or directory in [/Library/WebServer/Sites/app.datastore/app/cake/libs/model/connection_manager.php, line 23]
2011-07-31 22:33:32 Warning: Warning (2): include_once(): Failed opening '/Library/WebServer/Sites/app.datastore/app/config/database.php' for inclusion (include_path='/Library/WebServer/Sites/app.datastore/app:/Library/WebServer/Sites/app.datastore/app/:.:/usr/lib/php') in [/Library/WebServer/Sites/app.datastore/app/cake/libs/model/connection_manager.php, line 23]
2011-07-31 22:33:32 Error: Fatal Error (256): ConnectionManager::getDataSource - Non-existent data source default in [/Library/WebServer/Sites/app.datastore/app/cake/libs/model/connection_manager.php, line 102]
2011-07-31 22:33:32 Error: Fatal Error (256): ConnectionManager::getDataSource - Non-existent data source default in [/Library/WebServer/Sites/app.datastore/app/cake/libs/model/connection_manager.php, line 102]
2011-07-31 22:33:35 Warning: Warning (2): include_once(/Library/WebServer/Sites/app.datastore/app/config/database.php): failed to open stream: No such file or directory in [/Library/WebServer/Sites/app.datastore/app/cake/libs/model/connection_manager.php, line 23]
2011-07-31 22:33:35 Warning: Warning (2): include_once(): Failed opening '/Library/WebServer/Sites/app.datastore/app/config/database.php' for inclusion (include_path='/Library/WebServer/Sites/app.datastore/app:/Library/WebServer/Sites/app.datastore/app/:.:/usr/lib/php') in [/Library/WebServer/Sites/app.datastore/app/cake/libs/model/connection_manager.php, line 23]
2011-07-31 22:33:35 Error: Fatal Error (256): ConnectionManager::getDataSource - Non-existent data source default in [/Library/WebServer/Sites/app.datastore/app/cake/libs/model/connection_manager.php, line 102]
2011-07-31 22:33:35 Error: Fatal Error (256): ConnectionManager::getDataSource - Non-existent data source default in [/Library/WebServer/Sites/app.datastore/app/cake/libs/model/connection_manager.php, line 102]
2011-07-31 22:37:29 Warning: Warning (2): mysql_connect(): Access denied for user 'user'@'localhost' (using password: YES) in [/Library/WebServer/Sites/app.datastore/app/cake/libs/model/datasources/dbo/dbo_mysql.php, line 552]
2011-07-31 22:37:29 Warning: Warning (2): mysql_select_db() expects parameter 2 to be resource, boolean given in [/Library/WebServer/Sites/app.datastore/app/cake/libs/model/datasources/dbo/dbo_mysql.php, line 558]
2011-07-31 22:37:29 Warning: Warning (2): mysql_get_server_info() expects parameter 1 to be resource, boolean given in [/Library/WebServer/Sites/app.datastore/app/cake/libs/model/datasources/dbo/dbo_mysql.php, line 566]
2011-07-31 22:37:29 Warning: Warning (2): mysql_query() expects parameter 2 to be resource, boolean given in [/Library/WebServer/Sites/app.datastore/app/cake/libs/model/datasources/dbo/dbo_mysql.php, line 600]
2011-07-31 22:37:29 Warning: Warning (2): mysql_query() expects parameter 2 to be resource, boolean given in [/Library/WebServer/Sites/app.datastore/app/cake/libs/model/datasources/dbo/dbo_mysql.php, line 600]
2011-07-31 22:37:32 Warning: Warning (2): mysql_connect(): Access denied for user 'user'@'localhost' (using password: YES) in [/Library/WebServer/Sites/app.datastore/app/cake/libs/model/datasources/dbo/dbo_mysql.php, line 552]
2011-07-31 22:37:32 Warning: Warning (2): mysql_select_db() expects parameter 2 to be resource, boolean given in [/Library/WebServer/Sites/app.datastore/app/cake/libs/model/datasources/dbo/dbo_mysql.php, line 558]
2011-07-31 22:37:32 Warning: Warning (2): mysql_get_server_info() expects parameter 1 to be resource, boolean given in [/Library/WebServer/Sites/app.datastore/app/cake/libs/model/datasources/dbo/dbo_mysql.php, line 566]
2011-07-31 22:37:32 Warning: Warning (2): mysql_query() expects parameter 2 to be resource, boolean given in [/Library/WebServer/Sites/app.datastore/app/cake/libs/model/datasources/dbo/dbo_mysql.php, line 600]
2011-07-31 22:37:32 Warning: Warning (2): mysql_query() expects parameter 2 to be resource, boolean given in [/Library/WebServer/Sites/app.datastore/app/cake/libs/model/datasources/dbo/dbo_mysql.php, line 600]
2011-07-31 22:40:02 Warning: Warning (2): getimagesize(/Library/WebServer/Sites/app.datastore/uploads/product_images/datastore/4d8bb4bd-6e6c-4e68-944e-b534c0a8010b/original.jpeg): failed to open stream: No such file or directory in [/Library/WebServer/Sites/app.datastore/app/config/bootstrap.php, line 137]
2011-07-31 22:40:02 Warning: Warning (2): Division by zero in [/Library/WebServer/Sites/app.datastore/app/config/bootstrap.php, line 140]
2011-07-31 22:40:02 Warning: Warning (2): Division by zero in [/Library/WebServer/Sites/app.datastore/app/config/bootstrap.php, line 161]
2011-07-31 22:40:10 Warning: Warning (2): fileperms(): stat failed for /Library/WebServer/Sites/app.datastore/uploads/product_images/datastore in [/Library/WebServer/Sites/app.datastore/app/controllers/components/file.php, line 172]
2011-07-31 22:40:47 Warning: Warning (2): getimagesize(/Library/WebServer/Sites/app.datastore/uploads/product_images/datastore/4d3b7850-1158-424c-8fab-0abc291cc363/original.jpg): failed to open stream: No such file or directory in [/Library/WebServer/Sites/app.datastore/app/config/bootstrap.php, line 137]
2011-07-31 22:40:47 Warning: Warning (2): Division by zero in [/Library/WebServer/Sites/app.datastore/app/config/bootstrap.php, line 140]
2011-07-31 22:40:47 Warning: Warning (2): Division by zero in [/Library/WebServer/Sites/app.datastore/app/config/bootstrap.php, line 161]
2011-07-31 22:41:10 Warning: Warning (2): getimagesize(/Library/WebServer/Sites/app.datastore/uploads/product_images/datastore/4d3b77bb-d8a0-46f8-aeab-0abc291cc363/original.jpg): failed to open stream: No such file or directory in [/Library/WebServer/Sites/app.datastore/app/config/bootstrap.php, line 137]
2011-07-31 22:41:10 Warning: Warning (2): Division by zero in [/Library/WebServer/Sites/app.datastore/app/config/bootstrap.php, line 140]
2011-07-31 22:41:10 Warning: Warning (2): Division by zero in [/Library/WebServer/Sites/app.datastore/app/config/bootstrap.php, line 161]
2011-07-31 22:41:15 Warning: Warning (2): getimagesize(/Library/WebServer/Sites/app.datastore/uploads/product_images/datastore/4d3b77bb-d8a0-46f8-aeab-0abc291cc363/original.jpg): failed to open stream: No such file or directory in [/Library/WebServer/Sites/app.datastore/app/config/bootstrap.php, line 137]
2011-07-31 22:41:15 Warning: Warning (2): Division by zero in [/Library/WebServer/Sites/app.datastore/app/config/bootstrap.php, line 140]
2011-07-31 22:41:15 Warning: Warning (2): Division by zero in [/Library/WebServer/Sites/app.datastore/app/config/bootstrap.php, line 161]
